Using Default SEED subject dependent experiment mode,
the first 9 trails for each subject were used as a training set and the last 6 as a test set
15
235
62
15
235
62

########## AFTL-adversarial (grl_lambda=0.1) target subject 1 ##########
  Pretrain epoch   1/30: emo_loss=0.2281 emo_acc=91.67%  dom_loss=2.7424 dom_acc=7.70% (chance=7.1%)
  Pretrain epoch  10/30: emo_loss=0.0088 emo_acc=99.76%  dom_loss=2.6732 dom_acc=13.62% (chance=7.1%)
  Pretrain epoch  20/30: emo_loss=0.0382 emo_acc=98.59%  dom_loss=3.2077 dom_acc=12.58% (chance=7.1%)
  Pretrain epoch  30/30: emo_loss=0.0070 emo_acc=99.79%  dom_loss=2.5859 dom_acc=12.18% (chance=7.1%)
-> Subject 1 ZERO-SHOT (no finetune) test acc: 71.46%
-> Unfrozen adapter parameters: 1456 (paper Table 8 target: 1456)
[32m train state: acc: 0.715   loss: 2.9272
[34m eval state: acc: 0.704   loss: 3.3656
save model to result\AFTL_adversarial\seed_sub_dependent_front_back_setting\subject1\checkpoint-bestacc
[32m train state: acc: 0.779   loss: 2.4676
[34m eval state: acc: 0.698   loss: 3.3750
[32m train state: acc: 0.789   loss: 1.8283
[34m eval state: acc: 0.694   loss: 3.3033
[32m train state: acc: 0.802   loss: 1.3136
[34m eval state: acc: 0.684   loss: 3.3102
[32m train state: acc: 0.813   loss: 0.9436
[34m eval state: acc: 0.677   loss: 3.2636
[32m train state: acc: 0.835   loss: 0.6747
[34m eval state: acc: 0.672   loss: 3.2749
[32m train state: acc: 0.858   loss: 0.4302
[34m eval state: acc: 0.665   loss: 3.2707
[32m train state: acc: 0.881   loss: 0.2686
[34m eval state: acc: 0.646   loss: 3.2594
[32m train state: acc: 0.924   loss: 0.1323
[34m eval state: acc: 0.641   loss: 3.2058
[32m train state: acc: 0.971   loss: 0.0714
[34m eval state: acc: 0.637   loss: 3.2509
[32m train state: acc: 0.992   loss: 0.0428
[34m eval state: acc: 0.630   loss: 3.2122
[32m train state: acc: 0.998   loss: 0.0289
[34m eval state: acc: 0.620   loss: 3.1536
[32m train state: acc: 1.000   loss: 0.0224
[34m eval state: acc: 0.619   loss: 3.1636
[32m train state: acc: 1.000   loss: 0.0181
[34m eval state: acc: 0.616   loss: 3.1593
[32m train state: acc: 1.000   loss: 0.0148
[34m eval state: acc: 0.607   loss: 3.1830
[32m train state: acc: 1.000   loss: 0.0133
[34m eval state: acc: 0.613   loss: 3.1516
[32m train state: acc: 1.000   loss: 0.0121
[34m eval state: acc: 0.606   loss: 3.1555
[32m train state: acc: 1.000   loss: 0.0133
[34m eval state: acc: 0.609   loss: 3.1628
[32m train state: acc: 1.000   loss: 0.0098
[34m eval state: acc: 0.613   loss: 3.1550
[32m train state: acc: 1.000   loss: 0.0101
[34m eval state: acc: 0.614   loss: 3.1689
[32m train state: acc: 1.000   loss: 0.0081
[34m eval state: acc: 0.612   loss: 3.1554
[32m train state: acc: 1.000   loss: 0.0077
[34m eval state: acc: 0.613   loss: 3.1334
[32m train state: acc: 1.000   loss: 0.0069
[34m eval state: acc: 0.615   loss: 3.1811
[32m train state: acc: 0.999   loss: 0.0070
[34m eval state: acc: 0.614   loss: 3.1505
[32m train state: acc: 1.000   loss: 0.0063
[34m eval state: acc: 0.612   loss: 3.1595
[32m train state: acc: 1.000   loss: 0.0055
[34m eval state: acc: 0.607   loss: 3.2150
[32m train state: acc: 1.000   loss: 0.0057
[34m eval state: acc: 0.606   loss: 3.2191
[32m train state: acc: 1.000   loss: 0.0048
[34m eval state: acc: 0.607   loss: 3.2582
[32m train state: acc: 1.000   loss: 0.0047
[34m eval state: acc: 0.606   loss: 3.1838
[32m train state: acc: 1.000   loss: 0.0056
[34m eval state: acc: 0.602   loss: 3.2270
[32m train state: acc: 1.000   loss: 0.0049
[34m eval state: acc: 0.602   loss: 3.2510
[32m train state: acc: 1.000   loss: 0.0041
[34m eval state: acc: 0.602   loss: 3.1998
[32m train state: acc: 1.000   loss: 0.0036
[34m eval state: acc: 0.598   loss: 3.2210
[32m train state: acc: 1.000   loss: 0.0036
[34m eval state: acc: 0.602   loss: 3.2344
[32m train state: acc: 1.000   loss: 0.0037
[34m eval state: acc: 0.599   loss: 3.1765
[32m train state: acc: 1.000   loss: 0.0031
[34m eval state: acc: 0.602   loss: 3.1845
[32m train state: acc: 1.000   loss: 0.0033
[34m eval state: acc: 0.602   loss: 3.1960
[32m train state: acc: 1.000   loss: 0.0030
[34m eval state: acc: 0.604   loss: 3.2378
[32m train state: acc: 1.000   loss: 0.0028
[34m eval state: acc: 0.604   loss: 3.2839
[32m train state: acc: 1.000   loss: 0.0028
[34m eval state: acc: 0.601   loss: 3.3068
[32m train state: acc: 1.000   loss: 0.0027
[34m eval state: acc: 0.603   loss: 3.2852
[32m train state: acc: 1.000   loss: 0.0026
[34m eval state: acc: 0.609   loss: 3.2653
[32m train state: acc: 1.000   loss: 0.0025
[34m eval state: acc: 0.605   loss: 3.2147
[32m train state: acc: 1.000   loss: 0.0027
[34m eval state: acc: 0.601   loss: 3.2094
[32m train state: acc: 1.000   loss: 0.0022
[34m eval state: acc: 0.600   loss: 3.2683
[32m train state: acc: 1.000   loss: 0.0026
[34m eval state: acc: 0.599   loss: 3.3108
[32m train state: acc: 1.000   loss: 0.0021
[34m eval state: acc: 0.601   loss: 3.2810
[32m train state: acc: 1.000   loss: 0.0020
[34m eval state: acc: 0.603   loss: 3.2893
[32m train state: acc: 1.000   loss: 0.0020
[34m eval state: acc: 0.602   loss: 3.2859
[32m train state: acc: 1.000   loss: 0.0019
[34m eval state: acc: 0.598   loss: 3.2809
[34m eval state: acc: 0.704   loss: 3.3656
best_val_acc: 0.70
best_test_acc: 0.70
-> Subject 1 AFTL-adversarial test metrics: {'acc': 0.7042976266837716}

########## AFTL-adversarial (grl_lambda=0.1) target subject 2 ##########
  Pretrain epoch   1/30: emo_loss=0.1999 emo_acc=92.47%  dom_loss=2.6835 dom_acc=9.89% (chance=7.1%)
  Pretrain epoch  10/30: emo_loss=0.0180 emo_acc=99.39%  dom_loss=2.7395 dom_acc=20.52% (chance=7.1%)
  Pretrain epoch  20/30: emo_loss=0.0032 emo_acc=99.91%  dom_loss=2.3908 dom_acc=20.28% (chance=7.1%)
  Pretrain epoch  30/30: emo_loss=0.0062 emo_acc=99.82%  dom_loss=2.5062 dom_acc=20.51% (chance=7.1%)
-> Subject 2 ZERO-SHOT (no finetune) test acc: 64.35%
-> Unfrozen adapter parameters: 1456 (paper Table 8 target: 1456)
[32m train state: acc: 0.777   loss: 1.9367
[34m eval state: acc: 0.632   loss: 3.6880
save model to result\AFTL_adversarial\seed_sub_dependent_front_back_setting\subject2\checkpoint-bestacc
[32m train state: acc: 0.848   loss: 1.0629
[34m eval state: acc: 0.649   loss: 4.1219
save model to result\AFTL_adversarial\seed_sub_dependent_front_back_setting\subject2\checkpoint-bestacc
[32m train state: acc: 0.880   loss: 0.6762
[34m eval state: acc: 0.615   loss: 4.4663
[32m train state: acc: 0.882   loss: 0.5060
[34m eval state: acc: 0.601   loss: 4.8014
[32m train state: acc: 0.896   loss: 0.3633
[34m eval state: acc: 0.596   loss: 5.0634
[32m train state: acc: 0.913   loss: 0.3008
[34m eval state: acc: 0.602   loss: 5.1900
[32m train state: acc: 0.930   loss: 0.1867
[34m eval state: acc: 0.585   loss: 5.3265
[32m train state: acc: 0.949   loss: 0.1522
[34m eval state: acc: 0.571   loss: 5.5832
[32m train state: acc: 0.957   loss: 0.1124
[34m eval state: acc: 0.567   loss: 5.6462
[32m train state: acc: 0.974   loss: 0.1272
[34m eval state: acc: 0.547   loss: 5.9007
[32m train state: acc: 0.976   loss: 0.0984
[34m eval state: acc: 0.535   loss: 5.9601
[32m train state: acc: 0.982   loss: 0.0747
[34m eval state: acc: 0.534   loss: 6.0384
[32m train state: acc: 0.984   loss: 0.0615
[34m eval state: acc: 0.531   loss: 6.0900
[32m train state: acc: 0.987   loss: 0.0700
[34m eval state: acc: 0.530   loss: 6.1338
[32m train state: acc: 0.990   loss: 0.0465
[34m eval state: acc: 0.531   loss: 6.1156
[32m train state: acc: 0.988   loss: 0.0537
[34m eval state: acc: 0.538   loss: 6.0356
[32m train state: acc: 0.992   loss: 0.0389
[34m eval state: acc: 0.536   loss: 6.0924
[32m train state: acc: 0.993   loss: 0.0276
[34m eval state: acc: 0.535   loss: 6.1791
[32m train state: acc: 0.995   loss: 0.0259
[34m eval state: acc: 0.530   loss: 6.2689
[32m train state: acc: 0.995   loss: 0.0185
[34m eval state: acc: 0.529   loss: 6.3201
[32m train state: acc: 0.996   loss: 0.0234
[34m eval state: acc: 0.516   loss: 6.4150
[32m train state: acc: 0.993   loss: 0.0311
[34m eval state: acc: 0.517   loss: 6.4231
[32m train state: acc: 0.995   loss: 0.0499
[34m eval state: acc: 0.520   loss: 6.4356
[32m train state: acc: 0.995   loss: 0.0232
[34m eval state: acc: 0.514   loss: 6.5578
[32m train state: acc: 0.997   loss: 0.0134
[34m eval state: acc: 0.494   loss: 6.7251
[32m train state: acc: 0.997   loss: 0.0180
[34m eval state: acc: 0.508   loss: 6.6464
[32m train state: acc: 0.996   loss: 0.0200
[34m eval state: acc: 0.512   loss: 6.6230
[32m train state: acc: 0.997   loss: 0.0125
[34m eval state: acc: 0.514   loss: 6.6356
[32m train state: acc: 0.999   loss: 0.0086
[34m eval state: acc: 0.511   loss: 6.6243
[32m train state: acc: 0.996   loss: 0.0127
[34m eval state: acc: 0.518   loss: 6.6072
[32m train state: acc: 0.996   loss: 0.0165
[34m eval state: acc: 0.519   loss: 6.5834
[32m train state: acc: 0.997   loss: 0.0171
[34m eval state: acc: 0.517   loss: 6.5678
[32m train state: acc: 0.999   loss: 0.0141
[34m eval state: acc: 0.506   loss: 6.7332
[32m train state: acc: 0.998   loss: 0.0108
[34m eval state: acc: 0.518   loss: 6.5858
[32m train state: acc: 0.999   loss: 0.0059
[34m eval state: acc: 0.521   loss: 6.5528
[32m train state: acc: 0.998   loss: 0.0100
[34m eval state: acc: 0.525   loss: 6.5340
[32m train state: acc: 0.998   loss: 0.0079
[34m eval state: acc: 0.517   loss: 6.6198
[32m train state: acc: 0.998   loss: 0.0088
[34m eval state: acc: 0.524   loss: 6.5468
[32m train state: acc: 0.997   loss: 0.0078
[34m eval state: acc: 0.517   loss: 6.6194
[32m train state: acc: 0.998   loss: 0.0070
[34m eval state: acc: 0.515   loss: 6.6442
[32m train state: acc: 0.999   loss: 0.0054
[34m eval state: acc: 0.513   loss: 6.6883
[32m train state: acc: 1.000   loss: 0.0075
[34m eval state: acc: 0.506   loss: 6.7606
[32m train state: acc: 0.996   loss: 0.0083
[34m eval state: acc: 0.517   loss: 6.6212
[32m train state: acc: 0.997   loss: 0.0107
[34m eval state: acc: 0.515   loss: 6.6598
[32m train state: acc: 0.999   loss: 0.0055
[34m eval state: acc: 0.499   loss: 6.7989
[32m train state: acc: 0.999   loss: 0.0042
[34m eval state: acc: 0.511   loss: 6.6948
[32m train state: acc: 1.000   loss: 0.0036
[34m eval state: acc: 0.522   loss: 6.5928
[32m train state: acc: 1.000   loss: 0.0045
[34m eval state: acc: 0.520   loss: 6.6313
[32m train state: acc: 0.999   loss: 0.0076
[34m eval state: acc: 0.520   loss: 6.6231
[32m train state: acc: 1.000   loss: 0.0037
[34m eval state: acc: 0.517   loss: 6.6705
[34m eval state: acc: 0.649   loss: 4.1219
best_val_acc: 0.65
best_test_acc: 0.65
-> Subject 2 AFTL-adversarial test metrics: {'acc': 0.6492346938775511}

########## AFTL-adversarial (grl_lambda=0.1) target subject 3 ##########
  Pretrain epoch   1/30: emo_loss=0.2459 emo_acc=91.01%  dom_loss=2.7353 dom_acc=7.34% (chance=7.1%)
  Pretrain epoch  10/30: emo_loss=0.0479 emo_acc=98.38%  dom_loss=2.6040 dom_acc=22.05% (chance=7.1%)
  Pretrain epoch  20/30: emo_loss=0.0186 emo_acc=99.41%  dom_loss=2.9301 dom_acc=14.26% (chance=7.1%)
  Pretrain epoch  30/30: emo_loss=0.0019 emo_acc=99.98%  dom_loss=2.5759 dom_acc=13.72% (chance=7.1%)
-> Subject 3 ZERO-SHOT (no finetune) test acc: 67.03%
-> Unfrozen adapter parameters: 1456 (paper Table 8 target: 1456)
[32m train state: acc: 0.725   loss: 3.1274
[34m eval state: acc: 0.681   loss: 5.3086
save model to result\AFTL_adversarial\seed_sub_dependent_front_back_setting\subject3\checkpoint-bestacc
[32m train state: acc: 0.732   loss: 2.1522
[34m eval state: acc: 0.696   loss: 4.2422
save model to result\AFTL_adversarial\seed_sub_dependent_front_back_setting\subject3\checkpoint-bestacc
[32m train state: acc: 0.744   loss: 1.5656
[34m eval state: acc: 0.745   loss: 3.4949
save model to result\AFTL_adversarial\seed_sub_dependent_front_back_setting\subject3\checkpoint-bestacc
[32m train state: acc: 0.746   loss: 1.0873
[34m eval state: acc: 0.779   loss: 3.1208
save model to result\AFTL_adversarial\seed_sub_dependent_front_back_setting\subject3\checkpoint-bestacc
[32m train state: acc: 0.763   loss: 0.7132
[34m eval state: acc: 0.785   loss: 2.9426
save model to result\AFTL_adversarial\seed_sub_dependent_front_back_setting\subject3\checkpoint-bestacc
[32m train state: acc: 0.814   loss: 0.5384
[34m eval state: acc: 0.784   loss: 2.8159
[32m train state: acc: 0.859   loss: 0.4327
[34m eval state: acc: 0.782   loss: 2.7075
[32m train state: acc: 0.887   loss: 0.3556
[34m eval state: acc: 0.779   loss: 2.6141
[32m train state: acc: 0.920   loss: 0.2419
[34m eval state: acc: 0.777   loss: 2.5683
[32m train state: acc: 0.932   loss: 0.2101
[34m eval state: acc: 0.788   loss: 2.5274
save model to result\AFTL_adversarial\seed_sub_dependent_front_back_setting\subject3\checkpoint-bestacc
[32m train state: acc: 0.940   loss: 0.1928
[34m eval state: acc: 0.783   loss: 2.5562
[32m train state: acc: 0.949   loss: 0.1925
[34m eval state: acc: 0.766   loss: 2.6017
[32m train state: acc: 0.959   loss: 0.1613
[34m eval state: acc: 0.749   loss: 2.6137
[32m train state: acc: 0.964   loss: 0.1622
[34m eval state: acc: 0.747   loss: 2.6585
[32m train state: acc: 0.975   loss: 0.1261
[34m eval state: acc: 0.750   loss: 2.7332
[32m train state: acc: 0.977   loss: 0.1209
[34m eval state: acc: 0.742   loss: 2.7695
[32m train state: acc: 0.983   loss: 0.1154
[34m eval state: acc: 0.724   loss: 2.7838
[32m train state: acc: 0.979   loss: 0.0947
[34m eval state: acc: 0.721   loss: 2.7948
[32m train state: acc: 0.984   loss: 0.0862
[34m eval state: acc: 0.721   loss: 2.7447
[32m train state: acc: 0.983   loss: 0.0709
[34m eval state: acc: 0.720   loss: 2.7797
[32m train state: acc: 0.984   loss: 0.0632
[34m eval state: acc: 0.717   loss: 2.7868
[32m train state: acc: 0.984   loss: 0.0564
[34m eval state: acc: 0.715   loss: 2.8133
[32m train state: acc: 0.985   loss: 0.0547
[34m eval state: acc: 0.711   loss: 2.8564
[32m train state: acc: 0.989   loss: 0.0423
[34m eval state: acc: 0.704   loss: 2.9093
[32m train state: acc: 0.989   loss: 0.0486
[34m eval state: acc: 0.702   loss: 2.9502
[32m train state: acc: 0.990   loss: 0.0335
[34m eval state: acc: 0.706   loss: 2.9463
[32m train state: acc: 0.993   loss: 0.0290
[34m eval state: acc: 0.703   loss: 3.0070
[32m train state: acc: 0.993   loss: 0.0335
[34m eval state: acc: 0.700   loss: 3.0879
[32m train state: acc: 0.996   loss: 0.0311
[34m eval state: acc: 0.697   loss: 3.0898
[32m train state: acc: 0.997   loss: 0.0222
[34m eval state: acc: 0.699   loss: 3.1248
[32m train state: acc: 0.997   loss: 0.0278
[34m eval state: acc: 0.702   loss: 3.1120
[32m train state: acc: 0.998   loss: 0.0163
[34m eval state: acc: 0.701   loss: 3.0795
[32m train state: acc: 1.000   loss: 0.0131
[34m eval state: acc: 0.700   loss: 3.0813
[32m train state: acc: 0.998   loss: 0.0111
[34m eval state: acc: 0.700   loss: 3.1162
[32m train state: acc: 1.000   loss: 0.0095
[34m eval state: acc: 0.700   loss: 3.1561
[32m train state: acc: 0.998   loss: 0.0234
[34m eval state: acc: 0.700   loss: 3.1532
[32m train state: acc: 0.999   loss: 0.0127
[34m eval state: acc: 0.702   loss: 3.1618
[32m train state: acc: 0.999   loss: 0.0146
[34m eval state: acc: 0.702   loss: 3.2059
[32m train state: acc: 1.000   loss: 0.0105
[34m eval state: acc: 0.702   loss: 3.1856
[32m train state: acc: 0.999   loss: 0.0077
[34m eval state: acc: 0.703   loss: 3.1688
[32m train state: acc: 1.000   loss: 0.0068
[34m eval state: acc: 0.699   loss: 3.2173
[32m train state: acc: 1.000   loss: 0.0087
[34m eval state: acc: 0.700   loss: 3.2673
[32m train state: acc: 0.999   loss: 0.0095
[34m eval state: acc: 0.698   loss: 3.2997
[32m train state: acc: 1.000   loss: 0.0066
[34m eval state: acc: 0.700   loss: 3.2629
[32m train state: acc: 1.000   loss: 0.0090
[34m eval state: acc: 0.699   loss: 3.3406
[32m train state: acc: 1.000   loss: 0.0061
[34m eval state: acc: 0.699   loss: 3.3431
[32m train state: acc: 1.000   loss: 0.0050
[34m eval state: acc: 0.700   loss: 3.3404
[32m train state: acc: 1.000   loss: 0.0060
[34m eval state: acc: 0.700   loss: 3.3767
[32m train state: acc: 0.999   loss: 0.0078
[34m eval state: acc: 0.700   loss: 3.3487
[32m train state: acc: 0.999   loss: 0.0112
[34m eval state: acc: 0.702   loss: 3.3155
[34m eval state: acc: 0.788   loss: 2.5274
best_val_acc: 0.79
best_test_acc: 0.79
-> Subject 3 AFTL-adversarial test metrics: {'acc': 0.7876844130853111}

########## AFTL-adversarial (grl_lambda=0.1) target subject 4 ##########
  Pretrain epoch   1/30: emo_loss=0.1974 emo_acc=92.63%  dom_loss=2.7841 dom_acc=6.98% (chance=7.1%)
  Pretrain epoch  10/30: emo_loss=0.0206 emo_acc=99.32%  dom_loss=2.1566 dom_acc=25.84% (chance=7.1%)
  Pretrain epoch  20/30: emo_loss=0.0038 emo_acc=99.90%  dom_loss=2.0687 dom_acc=31.81% (chance=7.1%)
  Pretrain epoch  30/30: emo_loss=0.0145 emo_acc=99.52%  dom_loss=2.5331 dom_acc=18.61% (chance=7.1%)
-> Subject 4 ZERO-SHOT (no finetune) test acc: 53.52%
-> Unfrozen adapter parameters: 1456 (paper Table 8 target: 1456)
[32m train state: acc: 0.650   loss: 3.3322
[34m eval state: acc: 0.585   loss: 5.1314
save model to result\AFTL_adversarial\seed_sub_dependent_front_back_setting\subject4\checkpoint-bestacc
[32m train state: acc: 0.641   loss: 2.5921
[34m eval state: acc: 0.611   loss: 4.4730
save model to result\AFTL_adversarial\seed_sub_dependent_front_back_setting\subject4\checkpoint-bestacc
[32m train state: acc: 0.675   loss: 1.9951
[34m eval state: acc: 0.631   loss: 4.0107
save model to result\AFTL_adversarial\seed_sub_dependent_front_back_setting\subject4\checkpoint-bestacc
[32m train state: acc: 0.695   loss: 1.5630
[34m eval state: acc: 0.633   loss: 3.6895
save model to result\AFTL_adversarial\seed_sub_dependent_front_back_setting\subject4\checkpoint-bestacc
[32m train state: acc: 0.710   loss: 1.2224
[34m eval state: acc: 0.644   loss: 3.3643
save model to result\AFTL_adversarial\seed_sub_dependent_front_back_setting\subject4\checkpoint-bestacc
[32m train state: acc: 0.737   loss: 0.9876
[34m eval state: acc: 0.647   loss: 3.1148
save model to result\AFTL_adversarial\seed_sub_dependent_front_back_setting\subject4\checkpoint-bestacc
[32m train state: acc: 0.745   loss: 0.8450
[34m eval state: acc: 0.648   loss: 2.8887
save model to result\AFTL_adversarial\seed_sub_dependent_front_back_setting\subject4\checkpoint-bestacc
[32m train state: acc: 0.766   loss: 0.7142
[34m eval state: acc: 0.647   loss: 2.7660
[32m train state: acc: 0.779   loss: 0.5911
[34m eval state: acc: 0.650   loss: 2.6398
save model to result\AFTL_adversarial\seed_sub_dependent_front_back_setting\subject4\checkpoint-bestacc
[32m train state: acc: 0.791   loss: 0.5533
[34m eval state: acc: 0.653   loss: 2.5444
save model to result\AFTL_adversarial\seed_sub_dependent_front_back_setting\subject4\checkpoint-bestacc
[32m train state: acc: 0.813   loss: 0.5129
[34m eval state: acc: 0.647   loss: 2.4864
[32m train state: acc: 0.823   loss: 0.4313
[34m eval state: acc: 0.646   loss: 2.4020
[32m train state: acc: 0.830   loss: 0.3945
[34m eval state: acc: 0.645   loss: 2.3934
[32m train state: acc: 0.846   loss: 0.3442
[34m eval state: acc: 0.640   loss: 2.3477
[32m train state: acc: 0.853   loss: 0.3080
[34m eval state: acc: 0.643   loss: 2.3234
[32m train state: acc: 0.887   loss: 0.2816
[34m eval state: acc: 0.641   loss: 2.2999
[32m train state: acc: 0.885   loss: 0.2497
[34m eval state: acc: 0.632   loss: 2.2422
[32m train state: acc: 0.906   loss: 0.2263
[34m eval state: acc: 0.631   loss: 2.1947
[32m train state: acc: 0.904   loss: 0.2370
[34m eval state: acc: 0.627   loss: 2.2114
[32m train state: acc: 0.910   loss: 0.1970
[34m eval state: acc: 0.627   loss: 2.1797
[32m train state: acc: 0.921   loss: 0.1764
[34m eval state: acc: 0.625   loss: 2.1454
[32m train state: acc: 0.936   loss: 0.1521
[34m eval state: acc: 0.631   loss: 2.1182
[32m train state: acc: 0.941   loss: 0.1397
[34m eval state: acc: 0.625   loss: 2.0896
[32m train state: acc: 0.948   loss: 0.1224
[34m eval state: acc: 0.625   loss: 2.0853
[32m train state: acc: 0.956   loss: 0.1147
[34m eval state: acc: 0.617   loss: 2.0698
[32m train state: acc: 0.957   loss: 0.1165
[34m eval state: acc: 0.615   loss: 2.1124
[32m train state: acc: 0.967   loss: 0.0985
[34m eval state: acc: 0.611   loss: 2.1018
[32m train state: acc: 0.971   loss: 0.0928
[34m eval state: acc: 0.615   loss: 2.0575
[32m train state: acc: 0.973   loss: 0.1022
[34m eval state: acc: 0.607   loss: 2.0842
[32m train state: acc: 0.981   loss: 0.0744
[34m eval state: acc: 0.609   loss: 2.0415
[32m train state: acc: 0.981   loss: 0.0764
[34m eval state: acc: 0.612   loss: 2.0332
[32m train state: acc: 0.988   loss: 0.0624
[34m eval state: acc: 0.607   loss: 2.0196
[32m train state: acc: 0.985   loss: 0.0619
[34m eval state: acc: 0.601   loss: 2.0490
[32m train state: acc: 0.990   loss: 0.0594
[34m eval state: acc: 0.603   loss: 2.0137
[32m train state: acc: 0.995   loss: 0.0492
[34m eval state: acc: 0.604   loss: 2.0348
[32m train state: acc: 0.997   loss: 0.0440
[34m eval state: acc: 0.601   loss: 2.0772
[32m train state: acc: 0.998   loss: 0.0452
[34m eval state: acc: 0.602   loss: 2.0498
[32m train state: acc: 0.997   loss: 0.0385
[34m eval state: acc: 0.602   loss: 2.0170
[32m train state: acc: 0.998   loss: 0.0471
[34m eval state: acc: 0.606   loss: 2.0263
[32m train state: acc: 1.000   loss: 0.0352
[34m eval state: acc: 0.605   loss: 2.0454
[32m train state: acc: 1.000   loss: 0.0327
[34m eval state: acc: 0.612   loss: 2.0479
[32m train state: acc: 1.000   loss: 0.0289
[34m eval state: acc: 0.604   loss: 2.0355
[32m train state: acc: 1.000   loss: 0.0264
[34m eval state: acc: 0.601   loss: 2.0059
[32m train state: acc: 1.000   loss: 0.0241
[34m eval state: acc: 0.603   loss: 2.0012
[32m train state: acc: 1.000   loss: 0.0223
[34m eval state: acc: 0.608   loss: 2.0792
[32m train state: acc: 0.999   loss: 0.0310
[34m eval state: acc: 0.615   loss: 2.0308
[32m train state: acc: 1.000   loss: 0.0195
[34m eval state: acc: 0.620   loss: 2.0155
[32m train state: acc: 1.000   loss: 0.0212
[34m eval state: acc: 0.624   loss: 2.0272
[32m train state: acc: 1.000   loss: 0.0187
[34m eval state: acc: 0.618   loss: 2.0269
[32m train state: acc: 1.000   loss: 0.0178
[34m eval state: acc: 0.611   loss: 2.0652
[34m eval state: acc: 0.653   loss: 2.5444
best_val_acc: 0.65
best_test_acc: 0.65
-> Subject 4 AFTL-adversarial test metrics: {'acc': 0.6530089628681178}

########## AFTL-adversarial (grl_lambda=0.1) target subject 5 ##########
  Pretrain epoch   1/30: emo_loss=0.2432 emo_acc=91.03%  dom_loss=2.7285 dom_acc=7.78% (chance=7.1%)
  Pretrain epoch  10/30: emo_loss=0.0153 emo_acc=99.55%  dom_loss=2.7318 dom_acc=13.14% (chance=7.1%)
  Pretrain epoch  20/30: emo_loss=0.0078 emo_acc=99.82%  dom_loss=2.2876 dom_acc=22.63% (chance=7.1%)
  Pretrain epoch  30/30: emo_loss=0.0151 emo_acc=99.56%  dom_loss=2.5568 dom_acc=12.31% (chance=7.1%)
-> Subject 5 ZERO-SHOT (no finetune) test acc: 49.51%
-> Unfrozen adapter parameters: 1456 (paper Table 8 target: 1456)
[32m train state: acc: 0.604   loss: 7.3633
[34m eval state: acc: 0.537   loss: 6.8835
save model to result\AFTL_adversarial\seed_sub_dependent_front_back_setting\subject5\checkpoint-bestacc
[32m train state: acc: 0.606   loss: 6.3961
[34m eval state: acc: 0.543   loss: 7.0348
save model to result\AFTL_adversarial\seed_sub_dependent_front_back_setting\subject5\checkpoint-bestacc
[32m train state: acc: 0.612   loss: 5.4613
[34m eval state: acc: 0.526   loss: 7.1920
[32m train state: acc: 0.627   loss: 4.6033
[34m eval state: acc: 0.510   loss: 7.3774
[32m train state: acc: 0.654   loss: 3.8168
[34m eval state: acc: 0.503   loss: 7.5085
[32m train state: acc: 0.685   loss: 3.1307
[34m eval state: acc: 0.490   loss: 7.5984
[32m train state: acc: 0.726   loss: 2.5783
[34m eval state: acc: 0.481   loss: 7.6560
[32m train state: acc: 0.746   loss: 2.1121
[34m eval state: acc: 0.477   loss: 7.6353
[32m train state: acc: 0.762   loss: 1.7658
[34m eval state: acc: 0.473   loss: 7.6063
[32m train state: acc: 0.773   loss: 1.4239
[34m eval state: acc: 0.483   loss: 7.5418
[32m train state: acc: 0.787   loss: 1.1460
[34m eval state: acc: 0.478   loss: 7.4639
[32m train state: acc: 0.811   loss: 0.8901
[34m eval state: acc: 0.485   loss: 7.3579
[32m train state: acc: 0.824   loss: 0.6724
[34m eval state: acc: 0.492   loss: 7.2338
[32m train state: acc: 0.868   loss: 0.4832
[34m eval state: acc: 0.491   loss: 7.1293
[32m train state: acc: 0.889   loss: 0.3701
[34m eval state: acc: 0.491   loss: 7.0383
[32m train state: acc: 0.915   loss: 0.2784
[34m eval state: acc: 0.485   loss: 6.9823
[32m train state: acc: 0.937   loss: 0.2225
[34m eval state: acc: 0.486   loss: 6.9398
[32m train state: acc: 0.948   loss: 0.1746
[34m eval state: acc: 0.492   loss: 6.8707
[32m train state: acc: 0.953   loss: 0.1489
[34m eval state: acc: 0.497   loss: 6.8179
[32m train state: acc: 0.956   loss: 0.1213
[34m eval state: acc: 0.499   loss: 6.7658
[32m train state: acc: 0.951   loss: 0.1199
[34m eval state: acc: 0.507   loss: 6.7214
[32m train state: acc: 0.967   loss: 0.0804
[34m eval state: acc: 0.511   loss: 6.6876
[32m train state: acc: 0.973   loss: 0.0635
[34m eval state: acc: 0.520   loss: 6.6524
[32m train state: acc: 0.974   loss: 0.0523
[34m eval state: acc: 0.529   loss: 6.6161
[32m train state: acc: 0.986   loss: 0.0421
[34m eval state: acc: 0.537   loss: 6.5910
[32m train state: acc: 0.989   loss: 0.0390
[34m eval state: acc: 0.540   loss: 6.5703
[32m train state: acc: 0.996   loss: 0.0294
[34m eval state: acc: 0.539   loss: 6.5569
[32m train state: acc: 0.998   loss: 0.0266
[34m eval state: acc: 0.541   loss: 6.5498
[32m train state: acc: 1.000   loss: 0.0235
[34m eval state: acc: 0.545   loss: 6.5375
save model to result\AFTL_adversarial\seed_sub_dependent_front_back_setting\subject5\checkpoint-bestacc
[32m train state: acc: 0.999   loss: 0.0216
[34m eval state: acc: 0.546   loss: 6.5329
save model to result\AFTL_adversarial\seed_sub_dependent_front_back_setting\subject5\checkpoint-bestacc
[32m train state: acc: 0.999   loss: 0.0177
[34m eval state: acc: 0.545   loss: 6.5326
[32m train state: acc: 1.000   loss: 0.0198
[34m eval state: acc: 0.547   loss: 6.5350
save model to result\AFTL_adversarial\seed_sub_dependent_front_back_setting\subject5\checkpoint-bestacc
[32m train state: acc: 1.000   loss: 0.0159
[34m eval state: acc: 0.545   loss: 6.5270
[32m train state: acc: 1.000   loss: 0.0158
[34m eval state: acc: 0.546   loss: 6.5218
[32m train state: acc: 1.000   loss: 0.0154
[34m eval state: acc: 0.547   loss: 6.5185
save model to result\AFTL_adversarial\seed_sub_dependent_front_back_setting\subject5\checkpoint-bestacc
[32m train state: acc: 1.000   loss: 0.0137
[34m eval state: acc: 0.548   loss: 6.5184
save model to result\AFTL_adversarial\seed_sub_dependent_front_back_setting\subject5\checkpoint-bestacc
[32m train state: acc: 1.000   loss: 0.0124
[34m eval state: acc: 0.547   loss: 6.5184
[32m train state: acc: 1.000   loss: 0.0108
[34m eval state: acc: 0.548   loss: 6.5149
[32m train state: acc: 1.000   loss: 0.0120
[34m eval state: acc: 0.547   loss: 6.5149
[32m train state: acc: 1.000   loss: 0.0094
[34m eval state: acc: 0.547   loss: 6.5132
[32m train state: acc: 1.000   loss: 0.0094
[34m eval state: acc: 0.547   loss: 6.5117
[32m train state: acc: 1.000   loss: 0.0091
[34m eval state: acc: 0.547   loss: 6.5062
[32m train state: acc: 1.000   loss: 0.0087
[34m eval state: acc: 0.548   loss: 6.5052
save model to result\AFTL_adversarial\seed_sub_dependent_front_back_setting\subject5\checkpoint-bestacc
[32m train state: acc: 1.000   loss: 0.0085
[34m eval state: acc: 0.548   loss: 6.5119
[32m train state: acc: 1.000   loss: 0.0080
[34m eval state: acc: 0.548   loss: 6.5103
[32m train state: acc: 1.000   loss: 0.0079
[34m eval state: acc: 0.548   loss: 6.5059
[32m train state: acc: 1.000   loss: 0.0073
[34m eval state: acc: 0.549   loss: 6.5024
save model to result\AFTL_adversarial\seed_sub_dependent_front_back_setting\subject5\checkpoint-bestacc
[32m train state: acc: 1.000   loss: 0.0075
[34m eval state: acc: 0.549   loss: 6.4994
[32m train state: acc: 1.000   loss: 0.0076
[34m eval state: acc: 0.548   loss: 6.4992
[32m train state: acc: 1.000   loss: 0.0072
[34m eval state: acc: 0.548   loss: 6.4987
[34m eval state: acc: 0.549   loss: 6.5024
best_val_acc: 0.55
best_test_acc: 0.55
-> Subject 5 AFTL-adversarial test metrics: {'acc': 0.549079754601227}

########## AFTL-adversarial (grl_lambda=0.1) target subject 6 ##########
  Pretrain epoch   1/30: emo_loss=0.2300 emo_acc=91.61%  dom_loss=2.8979 dom_acc=6.89% (chance=7.1%)
  Pretrain epoch  10/30: emo_loss=0.0132 emo_acc=99.64%  dom_loss=2.6553 dom_acc=15.34% (chance=7.1%)
  Pretrain epoch  20/30: emo_loss=0.0103 emo_acc=99.71%  dom_loss=2.4188 dom_acc=23.34% (chance=7.1%)
  Pretrain epoch  30/30: emo_loss=0.0162 emo_acc=99.47%  dom_loss=2.9229 dom_acc=10.16% (chance=7.1%)
-> Subject 6 ZERO-SHOT (no finetune) test acc: 41.11%
-> Unfrozen adapter parameters: 1456 (paper Table 8 target: 1456)
[32m train state: acc: 0.470   loss: 11.1854
[34m eval state: acc: 0.422   loss: 8.8600
save model to result\AFTL_adversarial\seed_sub_dependent_front_back_setting\subject6\checkpoint-bestacc
[32m train state: acc: 0.485   loss: 10.0877
[34m eval state: acc: 0.440   loss: 8.4692
save model to result\AFTL_adversarial\seed_sub_dependent_front_back_setting\subject6\checkpoint-bestacc
[32m train state: acc: 0.501   loss: 9.2630
[34m eval state: acc: 0.466   loss: 7.9892
save model to result\AFTL_adversarial\seed_sub_dependent_front_back_setting\subject6\checkpoint-bestacc
[32m train state: acc: 0.531   loss: 8.1293
[34m eval state: acc: 0.496   loss: 7.5326
save model to result\AFTL_adversarial\seed_sub_dependent_front_back_setting\subject6\checkpoint-bestacc
[32m train state: acc: 0.568   loss: 7.0186
[34m eval state: acc: 0.500   loss: 7.0363
save model to result\AFTL_adversarial\seed_sub_dependent_front_back_setting\subject6\checkpoint-bestacc
[32m train state: acc: 0.601   loss: 6.0380
[34m eval state: acc: 0.495   loss: 6.4449
[32m train state: acc: 0.628   loss: 4.6610
[34m eval state: acc: 0.488   loss: 5.9500
[32m train state: acc: 0.643   loss: 3.9229
[34m eval state: acc: 0.489   loss: 5.4032
[32m train state: acc: 0.648   loss: 3.4759
[34m eval state: acc: 0.480   loss: 4.8086
[32m train state: acc: 0.661   loss: 2.7951
[34m eval state: acc: 0.480   loss: 4.3096
[32m train state: acc: 0.675   loss: 2.3560
[34m eval state: acc: 0.494   loss: 3.9739
[32m train state: acc: 0.689   loss: 1.9413
[34m eval state: acc: 0.502   loss: 3.7272
save model to result\AFTL_adversarial\seed_sub_dependent_front_back_setting\subject6\checkpoint-bestacc
[32m train state: acc: 0.732   loss: 1.4897
[34m eval state: acc: 0.532   loss: 3.5176
save model to result\AFTL_adversarial\seed_sub_dependent_front_back_setting\subject6\checkpoint-bestacc
[32m train state: acc: 0.756   loss: 1.2414
[34m eval state: acc: 0.546   loss: 3.3802
save model to result\AFTL_adversarial\seed_sub_dependent_front_back_setting\subject6\checkpoint-bestacc
[32m train state: acc: 0.782   loss: 1.0321
[34m eval state: acc: 0.549   loss: 3.2417
save model to result\AFTL_adversarial\seed_sub_dependent_front_back_setting\subject6\checkpoint-bestacc
[32m train state: acc: 0.802   loss: 0.9483
[34m eval state: acc: 0.551   loss: 3.1323
save model to result\AFTL_adversarial\seed_sub_dependent_front_back_setting\subject6\checkpoint-bestacc
[32m train state: acc: 0.827   loss: 0.8235
[34m eval state: acc: 0.550   loss: 3.0813
[32m train state: acc: 0.836   loss: 0.6715
[34m eval state: acc: 0.550   loss: 2.9964
[32m train state: acc: 0.854   loss: 0.6479
[34m eval state: acc: 0.551   loss: 2.9172
[32m train state: acc: 0.867   loss: 0.5720
[34m eval state: acc: 0.556   loss: 2.8195
save model to result\AFTL_adversarial\seed_sub_dependent_front_back_setting\subject6\checkpoint-bestacc
[32m train state: acc: 0.872   loss: 0.5373
[34m eval state: acc: 0.551   loss: 2.7526
[32m train state: acc: 0.877   loss: 0.4336
[34m eval state: acc: 0.547   loss: 2.7370
[32m train state: acc: 0.874   loss: 0.3608
[34m eval state: acc: 0.547   loss: 2.7027
[32m train state: acc: 0.891   loss: 0.3131
[34m eval state: acc: 0.553   loss: 2.6064
[32m train state: acc: 0.892   loss: 0.2838
[34m eval state: acc: 0.560   loss: 2.5768
save model to result\AFTL_adversarial\seed_sub_dependent_front_back_setting\subject6\checkpoint-bestacc
[32m train state: acc: 0.895   loss: 0.2178
[34m eval state: acc: 0.571   loss: 2.4946
save model to result\AFTL_adversarial\seed_sub_dependent_front_back_setting\subject6\checkpoint-bestacc
[32m train state: acc: 0.904   loss: 0.1910
[34m eval state: acc: 0.576   loss: 2.4292
save model to result\AFTL_adversarial\seed_sub_dependent_front_back_setting\subject6\checkpoint-bestacc
[32m train state: acc: 0.920   loss: 0.1581
[34m eval state: acc: 0.579   loss: 2.3832
save model to result\AFTL_adversarial\seed_sub_dependent_front_back_setting\subject6\checkpoint-bestacc
[32m train state: acc: 0.935   loss: 0.1357
[34m eval state: acc: 0.586   loss: 2.3729
save model to result\AFTL_adversarial\seed_sub_dependent_front_back_setting\subject6\checkpoint-bestacc
[32m train state: acc: 0.944   loss: 0.1258
[34m eval state: acc: 0.591   loss: 2.3617
save model to result\AFTL_adversarial\seed_sub_dependent_front_back_setting\subject6\checkpoint-bestacc
[32m train state: acc: 0.951   loss: 0.0987
[34m eval state: acc: 0.598   loss: 2.3217
save model to result\AFTL_adversarial\seed_sub_dependent_front_back_setting\subject6\checkpoint-bestacc
[32m train state: acc: 0.962   loss: 0.0987
[34m eval state: acc: 0.604   loss: 2.3152
save model to result\AFTL_adversarial\seed_sub_dependent_front_back_setting\subject6\checkpoint-bestacc
[32m train state: acc: 0.975   loss: 0.0812
[34m eval state: acc: 0.614   loss: 2.2698
save model to result\AFTL_adversarial\seed_sub_dependent_front_back_setting\subject6\checkpoint-bestacc
[32m train state: acc: 0.983   loss: 0.0674
[34m eval state: acc: 0.615   loss: 2.2678
save model to result\AFTL_adversarial\seed_sub_dependent_front_back_setting\subject6\checkpoint-bestacc
[32m train state: acc: 0.990   loss: 0.0638
[34m eval state: acc: 0.618   loss: 2.2628
save model to result\AFTL_adversarial\seed_sub_dependent_front_back_setting\subject6\checkpoint-bestacc
[32m train state: acc: 0.991   loss: 0.0587
[34m eval state: acc: 0.623   loss: 2.2621
save model to result\AFTL_adversarial\seed_sub_dependent_front_back_setting\subject6\checkpoint-bestacc
[32m train state: acc: 0.997   loss: 0.0456
[34m eval state: acc: 0.623   loss: 2.2570
[32m train state: acc: 0.996   loss: 0.0444
[34m eval state: acc: 0.625   loss: 2.2538
save model to result\AFTL_adversarial\seed_sub_dependent_front_back_setting\subject6\checkpoint-bestacc
[32m train state: acc: 0.997   loss: 0.0688
[34m eval state: acc: 0.628   loss: 2.2682
save model to result\AFTL_adversarial\seed_sub_dependent_front_back_setting\subject6\checkpoint-bestacc
[32m train state: acc: 1.000   loss: 0.0385
[34m eval state: acc: 0.634   loss: 2.2329
save model to result\AFTL_adversarial\seed_sub_dependent_front_back_setting\subject6\checkpoint-bestacc
[32m train state: acc: 0.999   loss: 0.0346
[34m eval state: acc: 0.635   loss: 2.2354
save model to result\AFTL_adversarial\seed_sub_dependent_front_back_setting\subject6\checkpoint-bestacc
[32m train state: acc: 1.000   loss: 0.0324
[34m eval state: acc: 0.632   loss: 2.2435
[32m train state: acc: 1.000   loss: 0.0289
[34m eval state: acc: 0.632   loss: 2.2520
[32m train state: acc: 1.000   loss: 0.0254
[34m eval state: acc: 0.633   loss: 2.2579
[32m train state: acc: 0.999   loss: 0.0246
[34m eval state: acc: 0.635   loss: 2.2528
[32m train state: acc: 0.997   loss: 0.0266
[34m eval state: acc: 0.629   loss: 2.2212
[32m train state: acc: 1.000   loss: 0.0230
[34m eval state: acc: 0.627   loss: 2.2587
[32m train state: acc: 1.000   loss: 0.0251
[34m eval state: acc: 0.625   loss: 2.2803
[32m train state: acc: 1.000   loss: 0.0227
[34m eval state: acc: 0.630   loss: 2.2373
[32m train state: acc: 1.000   loss: 0.0189
[34m eval state: acc: 0.629   loss: 2.2419
[34m eval state: acc: 0.635   loss: 2.2354
best_val_acc: 0.63
best_test_acc: 0.63
-> Subject 6 AFTL-adversarial test metrics: {'acc': 0.6347992351816444}

########## AFTL-adversarial (grl_lambda=0.1) target subject 7 ##########
  Pretrain epoch   1/30: emo_loss=0.2185 emo_acc=92.12%  dom_loss=2.6289 dom_acc=7.76% (chance=7.1%)
  Pretrain epoch  10/30: emo_loss=0.0076 emo_acc=99.82%  dom_loss=2.5070 dom_acc=17.62% (chance=7.1%)
  Pretrain epoch  20/30: emo_loss=0.0134 emo_acc=99.60%  dom_loss=2.8293 dom_acc=12.33% (chance=7.1%)
  Pretrain epoch  30/30: emo_loss=0.0098 emo_acc=99.65%  dom_loss=2.5558 dom_acc=20.49% (chance=7.1%)
-> Subject 7 ZERO-SHOT (no finetune) test acc: 73.54%
-> Unfrozen adapter parameters: 1456 (paper Table 8 target: 1456)
[32m train state: acc: 0.632   loss: 3.9057
[34m eval state: acc: 0.752   loss: 3.6296
save model to result\AFTL_adversarial\seed_sub_dependent_front_back_setting\subject7\checkpoint-bestacc
[32m train state: acc: 0.660   loss: 2.8706
[34m eval state: acc: 0.744   loss: 3.5388
[32m train state: acc: 0.696   loss: 2.3111
[34m eval state: acc: 0.729   loss: 3.4642
[32m train state: acc: 0.719   loss: 1.9283
[34m eval state: acc: 0.700   loss: 3.3306
[32m train state: acc: 0.742   loss: 1.5983
[34m eval state: acc: 0.682   loss: 3.1611
[32m train state: acc: 0.767   loss: 1.2216
[34m eval state: acc: 0.682   loss: 2.9376
[32m train state: acc: 0.794   loss: 1.0863
[34m eval state: acc: 0.701   loss: 2.7192
[32m train state: acc: 0.812   loss: 0.8619
[34m eval state: acc: 0.705   loss: 2.4998
[32m train state: acc: 0.830   loss: 0.7494
[34m eval state: acc: 0.687   loss: 2.3136
[32m train state: acc: 0.846   loss: 0.6381
[34m eval state: acc: 0.703   loss: 2.1322
[32m train state: acc: 0.870   loss: 0.5193
[34m eval state: acc: 0.700   loss: 2.0163
[32m train state: acc: 0.889   loss: 0.4493
[34m eval state: acc: 0.690   loss: 1.9128
[32m train state: acc: 0.900   loss: 0.3584
[34m eval state: acc: 0.697   loss: 1.7903
[32m train state: acc: 0.913   loss: 0.3242
[34m eval state: acc: 0.729   loss: 1.6389
[32m train state: acc: 0.926   loss: 0.3138
[34m eval state: acc: 0.724   loss: 1.5560
[32m train state: acc: 0.938   loss: 0.2331
[34m eval state: acc: 0.732   loss: 1.4476
[32m train state: acc: 0.948   loss: 0.2435
[34m eval state: acc: 0.732   loss: 1.3695
[32m train state: acc: 0.959   loss: 0.2049
[34m eval state: acc: 0.733   loss: 1.2815
[32m train state: acc: 0.962   loss: 0.1893
[34m eval state: acc: 0.737   loss: 1.2123
[32m train state: acc: 0.968   loss: 0.1650
[34m eval state: acc: 0.750   loss: 1.1292
[32m train state: acc: 0.969   loss: 0.1680
[34m eval state: acc: 0.748   loss: 1.0782
[32m train state: acc: 0.971   loss: 0.1541
[34m eval state: acc: 0.741   loss: 1.0194
[32m train state: acc: 0.974   loss: 0.1253
[34m eval state: acc: 0.770   loss: 0.9291
save model to result\AFTL_adversarial\seed_sub_dependent_front_back_setting\subject7\checkpoint-bestacc
[32m train state: acc: 0.973   loss: 0.1052
[34m eval state: acc: 0.776   loss: 0.8902
save model to result\AFTL_adversarial\seed_sub_dependent_front_back_setting\subject7\checkpoint-bestacc
[32m train state: acc: 0.976   loss: 0.1056
[34m eval state: acc: 0.761   loss: 0.8837
[32m train state: acc: 0.979   loss: 0.0880
[34m eval state: acc: 0.767   loss: 0.8468
[32m train state: acc: 0.980   loss: 0.0827
[34m eval state: acc: 0.777   loss: 0.8057
save model to result\AFTL_adversarial\seed_sub_dependent_front_back_setting\subject7\checkpoint-bestacc
[32m train state: acc: 0.980   loss: 0.0777
[34m eval state: acc: 0.806   loss: 0.7529
save model to result\AFTL_adversarial\seed_sub_dependent_front_back_setting\subject7\checkpoint-bestacc
[32m train state: acc: 0.983   loss: 0.0725
[34m eval state: acc: 0.793   loss: 0.7593
[32m train state: acc: 0.984   loss: 0.0708
[34m eval state: acc: 0.795   loss: 0.7306
[32m train state: acc: 0.984   loss: 0.0566
[34m eval state: acc: 0.799   loss: 0.7022
[32m train state: acc: 0.985   loss: 0.0591
[34m eval state: acc: 0.803   loss: 0.6722
[32m train state: acc: 0.986   loss: 0.0499
[34m eval state: acc: 0.805   loss: 0.6511
[32m train state: acc: 0.986   loss: 0.0434
[34m eval state: acc: 0.809   loss: 0.6382
save model to result\AFTL_adversarial\seed_sub_dependent_front_back_setting\subject7\checkpoint-bestacc
[32m train state: acc: 0.987   loss: 0.0383
[34m eval state: acc: 0.803   loss: 0.6358
[32m train state: acc: 0.987   loss: 0.0340
[34m eval state: acc: 0.813   loss: 0.5989
save model to result\AFTL_adversarial\seed_sub_dependent_front_back_setting\subject7\checkpoint-bestacc
[32m train state: acc: 0.989   loss: 0.0327
[34m eval state: acc: 0.817   loss: 0.5853
save model to result\AFTL_adversarial\seed_sub_dependent_front_back_setting\subject7\checkpoint-bestacc
[32m train state: acc: 0.989   loss: 0.0325
[34m eval state: acc: 0.810   loss: 0.5828
[32m train state: acc: 0.991   loss: 0.0254
[34m eval state: acc: 0.815   loss: 0.5692
[32m train state: acc: 0.992   loss: 0.0244
[34m eval state: acc: 0.823   loss: 0.5372
save model to result\AFTL_adversarial\seed_sub_dependent_front_back_setting\subject7\checkpoint-bestacc
[32m train state: acc: 0.995   loss: 0.0191
[34m eval state: acc: 0.821   loss: 0.5314
[32m train state: acc: 0.998   loss: 0.0180
[34m eval state: acc: 0.823   loss: 0.5378
[32m train state: acc: 0.999   loss: 0.0170
[34m eval state: acc: 0.828   loss: 0.5186
save model to result\AFTL_adversarial\seed_sub_dependent_front_back_setting\subject7\checkpoint-bestacc
[32m train state: acc: 1.000   loss: 0.0165
[34m eval state: acc: 0.829   loss: 0.5288
save model to result\AFTL_adversarial\seed_sub_dependent_front_back_setting\subject7\checkpoint-bestacc
[32m train state: acc: 1.000   loss: 0.0130
[34m eval state: acc: 0.834   loss: 0.5201
save model to result\AFTL_adversarial\seed_sub_dependent_front_back_setting\subject7\checkpoint-bestacc
[32m train state: acc: 1.000   loss: 0.0128
[34m eval state: acc: 0.834   loss: 0.5173
[32m train state: acc: 1.000   loss: 0.0111
[34m eval state: acc: 0.833   loss: 0.5183
[32m train state: acc: 1.000   loss: 0.0112
[34m eval state: acc: 0.835   loss: 0.5011
save model to result\AFTL_adversarial\seed_sub_dependent_front_back_setting\subject7\checkpoint-bestacc
[32m train state: acc: 1.000   loss: 0.0090
[34m eval state: acc: 0.842   loss: 0.4948
save model to result\AFTL_adversarial\seed_sub_dependent_front_back_setting\subject7\checkpoint-bestacc
[32m train state: acc: 1.000   loss: 0.0084
[34m eval state: acc: 0.840   loss: 0.5043
[34m eval state: acc: 0.842   loss: 0.4948
best_val_acc: 0.84
best_test_acc: 0.84
-> Subject 7 AFTL-adversarial test metrics: {'acc': 0.8417680973734786}

########## AFTL-adversarial (grl_lambda=0.1) target subject 8 ##########
  Pretrain epoch   1/30: emo_loss=0.1827 emo_acc=93.88%  dom_loss=2.7749 dom_acc=5.42% (chance=7.1%)
  Pretrain epoch  10/30: emo_loss=0.0158 emo_acc=99.55%  dom_loss=2.4903 dom_acc=18.19% (chance=7.1%)
  Pretrain epoch  20/30: emo_loss=0.0103 emo_acc=99.64%  dom_loss=2.4512 dom_acc=20.77% (chance=7.1%)
  Pretrain epoch  30/30: emo_loss=0.0208 emo_acc=99.29%  dom_loss=2.8724 dom_acc=18.46% (chance=7.1%)
-> Subject 8 ZERO-SHOT (no finetune) test acc: 34.71%
-> Unfrozen adapter parameters: 1456 (paper Table 8 target: 1456)
[32m train state: acc: 0.706   loss: 3.0305
[34m eval state: acc: 0.348   loss: 8.2843
save model to result\AFTL_adversarial\seed_sub_dependent_front_back_setting\subject8\checkpoint-bestacc
[32m train state: acc: 0.750   loss: 2.2514
[34m eval state: acc: 0.357   loss: 7.6208
save model to result\AFTL_adversarial\seed_sub_dependent_front_back_setting\subject8\checkpoint-bestacc
[32m train state: acc: 0.789   loss: 1.8286
[34m eval state: acc: 0.365   loss: 6.9995
save model to result\AFTL_adversarial\seed_sub_dependent_front_back_setting\subject8\checkpoint-bestacc
[32m train state: acc: 0.814   loss: 1.4968
[34m eval state: acc: 0.369   loss: 6.4482
save model to result\AFTL_adversarial\seed_sub_dependent_front_back_setting\subject8\checkpoint-bestacc
[32m train state: acc: 0.830   loss: 1.1298
[34m eval state: acc: 0.375   loss: 5.9239
save model to result\AFTL_adversarial\seed_sub_dependent_front_back_setting\subject8\checkpoint-bestacc
[32m train state: acc: 0.852   loss: 0.9180
[34m eval state: acc: 0.375   loss: 5.4852
save model to result\AFTL_adversarial\seed_sub_dependent_front_back_setting\subject8\checkpoint-bestacc
[32m train state: acc: 0.873   loss: 0.7417
[34m eval state: acc: 0.358   loss: 5.0645
[32m train state: acc: 0.885   loss: 0.6004
[34m eval state: acc: 0.348   loss: 4.7483
[32m train state: acc: 0.891   loss: 0.4928
[34m eval state: acc: 0.347   loss: 4.4612
[32m train state: acc: 0.895   loss: 0.4104
[34m eval state: acc: 0.339   loss: 4.2203
[32m train state: acc: 0.901   loss: 0.3344
[34m eval state: acc: 0.331   loss: 4.0258
[32m train state: acc: 0.909   loss: 0.2533
[34m eval state: acc: 0.331   loss: 3.8660
[32m train state: acc: 0.910   loss: 0.2261
[34m eval state: acc: 0.329   loss: 3.7998
[32m train state: acc: 0.923   loss: 0.1665
[34m eval state: acc: 0.330   loss: 3.7407
[32m train state: acc: 0.935   loss: 0.1338
[34m eval state: acc: 0.326   loss: 3.6857
[32m train state: acc: 0.952   loss: 0.1063
[34m eval state: acc: 0.325   loss: 3.6644
[32m train state: acc: 0.961   loss: 0.0877
[34m eval state: acc: 0.325   loss: 3.6517
[32m train state: acc: 0.973   loss: 0.0712
[34m eval state: acc: 0.329   loss: 3.6675
[32m train state: acc: 0.977   loss: 0.0637
[34m eval state: acc: 0.329   loss: 3.7094
[32m train state: acc: 0.985   loss: 0.0487
[34m eval state: acc: 0.336   loss: 3.7335
[32m train state: acc: 0.993   loss: 0.0381
[34m eval state: acc: 0.343   loss: 3.7304
[32m train state: acc: 0.996   loss: 0.0372
[34m eval state: acc: 0.347   loss: 3.7478
[32m train state: acc: 0.997   loss: 0.0272
[34m eval state: acc: 0.347   loss: 3.8082
[32m train state: acc: 0.998   loss: 0.0245
[34m eval state: acc: 0.349   loss: 3.8337
[32m train state: acc: 0.998   loss: 0.0218
[34m eval state: acc: 0.350   loss: 3.8855
[32m train state: acc: 0.999   loss: 0.0199
[34m eval state: acc: 0.353   loss: 3.8925
[32m train state: acc: 0.999   loss: 0.0174
[34m eval state: acc: 0.354   loss: 3.9075
[32m train state: acc: 0.999   loss: 0.0152
[34m eval state: acc: 0.354   loss: 3.9212
[32m train state: acc: 1.000   loss: 0.0137
[34m eval state: acc: 0.355   loss: 3.9483
[32m train state: acc: 1.000   loss: 0.0133
[34m eval state: acc: 0.356   loss: 3.9620
[32m train state: acc: 1.000   loss: 0.0129
[34m eval state: acc: 0.354   loss: 4.0052
[32m train state: acc: 1.000   loss: 0.0115
[34m eval state: acc: 0.358   loss: 4.0052
[32m train state: acc: 1.000   loss: 0.0111
[34m eval state: acc: 0.358   loss: 4.0302
[32m train state: acc: 1.000   loss: 0.0118
[34m eval state: acc: 0.364   loss: 4.0334
[32m train state: acc: 1.000   loss: 0.0091
[34m eval state: acc: 0.364   loss: 4.0772
[32m train state: acc: 1.000   loss: 0.0078
[34m eval state: acc: 0.364   loss: 4.0807
[32m train state: acc: 0.999   loss: 0.0117
[34m eval state: acc: 0.369   loss: 4.0939
[32m train state: acc: 1.000   loss: 0.0073
[34m eval state: acc: 0.368   loss: 4.1611
[32m train state: acc: 1.000   loss: 0.0069
[34m eval state: acc: 0.367   loss: 4.1654
[32m train state: acc: 1.000   loss: 0.0066
[34m eval state: acc: 0.367   loss: 4.1624
[32m train state: acc: 1.000   loss: 0.0056
[34m eval state: acc: 0.369   loss: 4.1659
[32m train state: acc: 1.000   loss: 0.0054
[34m eval state: acc: 0.369   loss: 4.1725
[32m train state: acc: 1.000   loss: 0.0064
[34m eval state: acc: 0.371   loss: 4.1539
[32m train state: acc: 1.000   loss: 0.0050
[34m eval state: acc: 0.371   loss: 4.1859
[32m train state: acc: 1.000   loss: 0.0051
[34m eval state: acc: 0.373   loss: 4.1941
[32m train state: acc: 1.000   loss: 0.0051
[34m eval state: acc: 0.373   loss: 4.2040
[32m train state: acc: 1.000   loss: 0.0040
[34m eval state: acc: 0.373   loss: 4.1819
[32m train state: acc: 1.000   loss: 0.0040
[34m eval state: acc: 0.375   loss: 4.1982
[32m train state: acc: 1.000   loss: 0.0037
[34m eval state: acc: 0.374   loss: 4.2023
[32m train state: acc: 1.000   loss: 0.0035
[34m eval state: acc: 0.372   loss: 4.2002
[34m eval state: acc: 0.375   loss: 5.4852
best_val_acc: 0.38
best_test_acc: 0.38
-> Subject 8 AFTL-adversarial test metrics: {'acc': 0.3753280839895013}

########## AFTL-adversarial (grl_lambda=0.1) target subject 9 ##########
  Pretrain epoch   1/30: emo_loss=0.1934 emo_acc=92.96%  dom_loss=2.7976 dom_acc=7.53% (chance=7.1%)
  Pretrain epoch  10/30: emo_loss=0.0184 emo_acc=99.41%  dom_loss=2.7490 dom_acc=18.16% (chance=7.1%)
  Pretrain epoch  20/30: emo_loss=0.1115 emo_acc=97.95%  dom_loss=2.6918 dom_acc=18.85% (chance=7.1%)
  Pretrain epoch  30/30: emo_loss=0.0005 emo_acc=100.00%  dom_loss=2.6348 dom_acc=8.31% (chance=7.1%)
-> Subject 9 ZERO-SHOT (no finetune) test acc: 23.05%
-> Unfrozen adapter parameters: 1456 (paper Table 8 target: 1456)
[32m train state: acc: 0.612   loss: 4.0438
[34m eval state: acc: 0.272   loss: 12.0530
save model to result\AFTL_adversarial\seed_sub_dependent_front_back_setting\subject9\checkpoint-bestacc
[32m train state: acc: 0.661   loss: 3.3748
[34m eval state: acc: 0.277   loss: 11.3720
save model to result\AFTL_adversarial\seed_sub_dependent_front_back_setting\subject9\checkpoint-bestacc
[32m train state: acc: 0.706   loss: 2.4504
[34m eval state: acc: 0.281   loss: 10.4961
save model to result\AFTL_adversarial\seed_sub_dependent_front_back_setting\subject9\checkpoint-bestacc
[32m train state: acc: 0.734   loss: 2.2314
[34m eval state: acc: 0.275   loss: 9.6424
[32m train state: acc: 0.759   loss: 1.9926
[34m eval state: acc: 0.278   loss: 9.2229
[32m train state: acc: 0.770   loss: 1.3283
[34m eval state: acc: 0.280   loss: 8.4241
[32m train state: acc: 0.797   loss: 1.2700
[34m eval state: acc: 0.275   loss: 7.9732
[32m train state: acc: 0.817   loss: 0.8433
[34m eval state: acc: 0.275   loss: 7.7238
[32m train state: acc: 0.848   loss: 0.6635
[34m eval state: acc: 0.289   loss: 7.5425
save model to result\AFTL_adversarial\seed_sub_dependent_front_back_setting\subject9\checkpoint-bestacc
[32m train state: acc: 0.868   loss: 0.4809
[34m eval state: acc: 0.292   loss: 7.1492
save model to result\AFTL_adversarial\seed_sub_dependent_front_back_setting\subject9\checkpoint-bestacc
[32m train state: acc: 0.883   loss: 0.4459
[34m eval state: acc: 0.289   loss: 6.9597
[32m train state: acc: 0.909   loss: 0.2870
[34m eval state: acc: 0.310   loss: 6.4328
save model to result\AFTL_adversarial\seed_sub_dependent_front_back_setting\subject9\checkpoint-bestacc
[32m train state: acc: 0.932   loss: 0.1978
[34m eval state: acc: 0.318   loss: 6.2333
save model to result\AFTL_adversarial\seed_sub_dependent_front_back_setting\subject9\checkpoint-bestacc
[32m train state: acc: 0.949   loss: 0.1529
[34m eval state: acc: 0.322   loss: 6.0473
save model to result\AFTL_adversarial\seed_sub_dependent_front_back_setting\subject9\checkpoint-bestacc
[32m train state: acc: 0.950   loss: 0.2157
[34m eval state: acc: 0.331   loss: 5.7543
save model to result\AFTL_adversarial\seed_sub_dependent_front_back_setting\subject9\checkpoint-bestacc
[32m train state: acc: 0.971   loss: 0.0975
[34m eval state: acc: 0.317   loss: 5.9150
[32m train state: acc: 0.975   loss: 0.1304
[34m eval state: acc: 0.317   loss: 5.8861
[32m train state: acc: 0.982   loss: 0.0878
[34m eval state: acc: 0.327   loss: 5.6692
[32m train state: acc: 0.983   loss: 0.0523
[34m eval state: acc: 0.326   loss: 5.5606
[32m train state: acc: 0.985   loss: 0.0447
[34m eval state: acc: 0.331   loss: 5.4141
[32m train state: acc: 0.987   loss: 0.0411
[34m eval state: acc: 0.333   loss: 5.3672
save model to result\AFTL_adversarial\seed_sub_dependent_front_back_setting\subject9\checkpoint-bestacc
[32m train state: acc: 0.989   loss: 0.0360
[34m eval state: acc: 0.334   loss: 5.3575
save model to result\AFTL_adversarial\seed_sub_dependent_front_back_setting\subject9\checkpoint-bestacc
[32m train state: acc: 0.994   loss: 0.0262
[34m eval state: acc: 0.341   loss: 5.2456
save model to result\AFTL_adversarial\seed_sub_dependent_front_back_setting\subject9\checkpoint-bestacc
[32m train state: acc: 0.992   loss: 0.0259
[34m eval state: acc: 0.342   loss: 5.1871
save model to result\AFTL_adversarial\seed_sub_dependent_front_back_setting\subject9\checkpoint-bestacc
[32m train state: acc: 0.995   loss: 0.0254
[34m eval state: acc: 0.348   loss: 5.0160
save model to result\AFTL_adversarial\seed_sub_dependent_front_back_setting\subject9\checkpoint-bestacc
[32m train state: acc: 0.994   loss: 0.0354
[34m eval state: acc: 0.349   loss: 5.0519
save model to result\AFTL_adversarial\seed_sub_dependent_front_back_setting\subject9\checkpoint-bestacc
[32m train state: acc: 0.996   loss: 0.0221
[34m eval state: acc: 0.347   loss: 5.0935
[32m train state: acc: 0.999   loss: 0.0233
[34m eval state: acc: 0.346   loss: 5.1268
[32m train state: acc: 0.997   loss: 0.0356
[34m eval state: acc: 0.358   loss: 4.8987
save model to result\AFTL_adversarial\seed_sub_dependent_front_back_setting\subject9\checkpoint-bestacc
[32m train state: acc: 0.997   loss: 0.0336
[34m eval state: acc: 0.355   loss: 4.9294
[32m train state: acc: 0.999   loss: 0.0166
[34m eval state: acc: 0.358   loss: 4.8124
[32m train state: acc: 0.997   loss: 0.0287
[34m eval state: acc: 0.368   loss: 4.6849
save model to result\AFTL_adversarial\seed_sub_dependent_front_back_setting\subject9\checkpoint-bestacc
[32m train state: acc: 0.998   loss: 0.0246
[34m eval state: acc: 0.357   loss: 4.8484
[32m train state: acc: 0.999   loss: 0.0145
[34m eval state: acc: 0.380   loss: 4.5876
save model to result\AFTL_adversarial\seed_sub_dependent_front_back_setting\subject9\checkpoint-bestacc
[32m train state: acc: 0.999   loss: 0.0282
[34m eval state: acc: 0.398   loss: 4.4731
save model to result\AFTL_adversarial\seed_sub_dependent_front_back_setting\subject9\checkpoint-bestacc
[32m train state: acc: 1.000   loss: 0.0105
[34m eval state: acc: 0.372   loss: 4.6262
[32m train state: acc: 0.999   loss: 0.0126
[34m eval state: acc: 0.372   loss: 4.6154
[32m train state: acc: 0.999   loss: 0.0083
[34m eval state: acc: 0.383   loss: 4.5320
[32m train state: acc: 0.998   loss: 0.0096
[34m eval state: acc: 0.393   loss: 4.4217
[32m train state: acc: 0.999   loss: 0.0085
[34m eval state: acc: 0.381   loss: 4.5144
[32m train state: acc: 0.999   loss: 0.0184
[34m eval state: acc: 0.384   loss: 4.4905
[32m train state: acc: 0.999   loss: 0.0084
[34m eval state: acc: 0.382   loss: 4.5099
[32m train state: acc: 0.997   loss: 0.0132
[34m eval state: acc: 0.393   loss: 4.4074
[32m train state: acc: 1.000   loss: 0.0059
[34m eval state: acc: 0.376   loss: 4.6226
[32m train state: acc: 0.998   loss: 0.0139
[34m eval state: acc: 0.374   loss: 4.6486
[32m train state: acc: 0.999   loss: 0.0071
[34m eval state: acc: 0.377   loss: 4.6277
[32m train state: acc: 1.000   loss: 0.0071
[34m eval state: acc: 0.381   loss: 4.5447
[32m train state: acc: 1.000   loss: 0.0074
[34m eval state: acc: 0.380   loss: 4.4955
[32m train state: acc: 1.000   loss: 0.0056
[34m eval state: acc: 0.386   loss: 4.4633
[32m train state: acc: 0.999   loss: 0.0077
[34m eval state: acc: 0.384   loss: 4.5350
[34m eval state: acc: 0.398   loss: 4.4731
best_val_acc: 0.40
best_test_acc: 0.40
-> Subject 9 AFTL-adversarial test metrics: {'acc': 0.3977200759974667}

########## AFTL-adversarial (grl_lambda=0.1) target subject 10 ##########
  Pretrain epoch   1/30: emo_loss=0.1801 emo_acc=93.73%  dom_loss=2.6068 dom_acc=8.00% (chance=7.1%)
  Pretrain epoch  10/30: emo_loss=0.0108 emo_acc=99.73%  dom_loss=2.4341 dom_acc=17.70% (chance=7.1%)
  Pretrain epoch  20/30: emo_loss=0.0058 emo_acc=99.85%  dom_loss=2.4608 dom_acc=17.99% (chance=7.1%)
  Pretrain epoch  30/30: emo_loss=0.0130 emo_acc=99.61%  dom_loss=2.7946 dom_acc=14.00% (chance=7.1%)
-> Subject 10 ZERO-SHOT (no finetune) test acc: 76.09%
-> Unfrozen adapter parameters: 1456 (paper Table 8 target: 1456)
[32m train state: acc: 0.752   loss: 1.6173
[34m eval state: acc: 0.775   loss: 5.8801
save model to result\AFTL_adversarial\seed_sub_dependent_front_back_setting\subject10\checkpoint-bestacc
[32m train state: acc: 0.808   loss: 1.0226
[34m eval state: acc: 0.774   loss: 5.1285
[32m train state: acc: 0.857   loss: 0.7484
[34m eval state: acc: 0.775   loss: 4.6784
[32m train state: acc: 0.888   loss: 0.6722
[34m eval state: acc: 0.769   loss: 4.3056
[32m train state: acc: 0.905   loss: 0.5933
[34m eval state: acc: 0.767   loss: 4.0537
[32m train state: acc: 0.920   loss: 0.3927
[34m eval state: acc: 0.767   loss: 3.9087
[32m train state: acc: 0.927   loss: 0.3316
[34m eval state: acc: 0.756   loss: 3.7401
[32m train state: acc: 0.926   loss: 0.2804
[34m eval state: acc: 0.750   loss: 3.6047
[32m train state: acc: 0.930   loss: 0.3038
[34m eval state: acc: 0.738   loss: 3.4955
[32m train state: acc: 0.935   loss: 0.2153
[34m eval state: acc: 0.736   loss: 3.3742
[32m train state: acc: 0.941   loss: 0.1859
[34m eval state: acc: 0.729   loss: 3.2918
[32m train state: acc: 0.948   loss: 0.1951
[34m eval state: acc: 0.728   loss: 3.2270
[32m train state: acc: 0.953   loss: 0.1416
[34m eval state: acc: 0.729   loss: 3.1731
[32m train state: acc: 0.958   loss: 0.1794
[34m eval state: acc: 0.731   loss: 3.1428
[32m train state: acc: 0.960   loss: 0.1112
[34m eval state: acc: 0.728   loss: 3.1070
[32m train state: acc: 0.961   loss: 0.1148
[34m eval state: acc: 0.726   loss: 3.1171
[32m train state: acc: 0.972   loss: 0.0814
[34m eval state: acc: 0.725   loss: 3.1604
[32m train state: acc: 0.980   loss: 0.0842
[34m eval state: acc: 0.726   loss: 3.2052
[32m train state: acc: 0.982   loss: 0.0674
[34m eval state: acc: 0.727   loss: 3.2486
[32m train state: acc: 0.985   loss: 0.0720
[34m eval state: acc: 0.724   loss: 3.2913
[32m train state: acc: 0.991   loss: 0.0529
[34m eval state: acc: 0.716   loss: 3.3545
[32m train state: acc: 0.996   loss: 0.0504
[34m eval state: acc: 0.717   loss: 3.4236
[32m train state: acc: 0.998   loss: 0.0487
[34m eval state: acc: 0.719   loss: 3.4754
[32m train state: acc: 1.000   loss: 0.0358
[34m eval state: acc: 0.720   loss: 3.5060
[32m train state: acc: 1.000   loss: 0.0397
[34m eval state: acc: 0.717   loss: 3.5637
[32m train state: acc: 0.999   loss: 0.0349
[34m eval state: acc: 0.717   loss: 3.6426
[32m train state: acc: 1.000   loss: 0.0285
[34m eval state: acc: 0.718   loss: 3.6727
[32m train state: acc: 1.000   loss: 0.0289
[34m eval state: acc: 0.718   loss: 3.7198
[32m train state: acc: 0.999   loss: 0.0312
[34m eval state: acc: 0.717   loss: 3.7595
[32m train state: acc: 1.000   loss: 0.0223
[34m eval state: acc: 0.718   loss: 3.8268
[32m train state: acc: 1.000   loss: 0.0269
[34m eval state: acc: 0.717   loss: 3.8828
[32m train state: acc: 1.000   loss: 0.0288
[34m eval state: acc: 0.717   loss: 3.9566
[32m train state: acc: 0.999   loss: 0.0346
[34m eval state: acc: 0.714   loss: 4.0089
[32m train state: acc: 1.000   loss: 0.0184
[34m eval state: acc: 0.717   loss: 4.0208
[32m train state: acc: 1.000   loss: 0.0151
[34m eval state: acc: 0.716   loss: 4.0850
[32m train state: acc: 1.000   loss: 0.0150
[34m eval state: acc: 0.717   loss: 4.1151
[32m train state: acc: 1.000   loss: 0.0144
[34m eval state: acc: 0.716   loss: 4.1493
[32m train state: acc: 1.000   loss: 0.0136
[34m eval state: acc: 0.716   loss: 4.1806
[32m train state: acc: 1.000   loss: 0.0118
[34m eval state: acc: 0.717   loss: 4.2395
[32m train state: acc: 1.000   loss: 0.0124
[34m eval state: acc: 0.716   loss: 4.2299
[32m train state: acc: 1.000   loss: 0.0139
[34m eval state: acc: 0.716   loss: 4.2563
[32m train state: acc: 1.000   loss: 0.0107
[34m eval state: acc: 0.717   loss: 4.2577
[32m train state: acc: 1.000   loss: 0.0093
[34m eval state: acc: 0.718   loss: 4.3164
[32m train state: acc: 1.000   loss: 0.0094
[34m eval state: acc: 0.716   loss: 4.3201
[32m train state: acc: 1.000   loss: 0.0084
[34m eval state: acc: 0.716   loss: 4.3398
[32m train state: acc: 1.000   loss: 0.0079
[34m eval state: acc: 0.715   loss: 4.3649
[32m train state: acc: 1.000   loss: 0.0096
[34m eval state: acc: 0.714   loss: 4.3790
[32m train state: acc: 1.000   loss: 0.0076
[34m eval state: acc: 0.716   loss: 4.3960
[32m train state: acc: 1.000   loss: 0.0079
[34m eval state: acc: 0.715   loss: 4.4367
[32m train state: acc: 1.000   loss: 0.0073
[34m eval state: acc: 0.714   loss: 4.4729
[34m eval state: acc: 0.775   loss: 5.8801
best_val_acc: 0.77
best_test_acc: 0.77
-> Subject 10 AFTL-adversarial test metrics: {'acc': 0.7747010698552549}

########## AFTL-adversarial (grl_lambda=0.1) target subject 11 ##########
  Pretrain epoch   1/30: emo_loss=0.2202 emo_acc=92.13%  dom_loss=2.8029 dom_acc=6.61% (chance=7.1%)
  Pretrain epoch  10/30: emo_loss=0.0655 emo_acc=97.88%  dom_loss=2.9013 dom_acc=17.46% (chance=7.1%)
  Pretrain epoch  20/30: emo_loss=0.0512 emo_acc=98.15%  dom_loss=3.1149 dom_acc=14.79% (chance=7.1%)
